<?xml version="1.0" encoding="UTF-8"?>
<!-- Generated by org.testng.reporters.JUnitReportReporter -->
<testsuite hostname="Talib" failures="0" tests="1" name="testCases.TC_004_VerifyEmail" time="5.778" errors="0" timestamp="2024-12-13T22:24:03 IST" skipped="0">
  <testcase classname="testCases.TC_004_VerifyEmail" name="verifyEmail" time="5.778"/>
</testsuite> <!-- testCases.TC_004_VerifyEmail -->
