<?xml version="1.0" encoding="UTF-8"?>
<!-- Generated by org.testng.reporters.JUnitReportReporter -->
<testsuite hostname="Talib" failures="0" tests="4" name="testCases.OrangeDDTLoginTest" time="89.651" errors="0" timestamp="2024-12-28T11:55:15 IST" skipped="0">
  <testcase classname="testCases.OrangeDDTLoginTest" name="VerifyLoginDDt" time="59.499"/>
  <testcase classname="testCases.OrangeDDTLoginTest" name="VerifyLoginDDt" time="10.057"/>
  <testcase classname="testCases.OrangeDDTLoginTest" name="VerifyLoginDDt" time="10.034"/>
  <testcase classname="testCases.OrangeDDTLoginTest" name="VerifyLoginDDt" time="10.061"/>
</testsuite> <!-- testCases.OrangeDDTLoginTest -->
