<?xml version="1.0" encoding="UTF-8"?>
<!-- Generated by org.testng.reporters.JUnitReportReporter -->
<testsuite hostname="Talib" failures="0" tests="1" name="testCases.test" time="23.887" errors="0" timestamp="2024-12-27T23:00:44 IST" skipped="0">
  <testcase classname="testCases.test" name="getTest" time="23.887"/>
</testsuite> <!-- testCases.test -->
