<?xml version="1.0" encoding="UTF-8"?>
<!-- Generated by org.testng.reporters.JUnitReportReporter -->
<testsuite hostname="Talib" failures="0" tests="1" name="testCases.CalendarTest" time="1.203" errors="0" timestamp="2024-12-28T10:53:45 IST" skipped="0">
  <testcase classname="testCases.CalendarTest" name="verifyLogin" time="1.203"/>
</testsuite> <!-- testCases.CalendarTest -->
